T:\S2\SEMULATION_PROJECT\SOCCERBALL\SOCCERBALL SEMULATION\SOCCERBALL SEMULATION\DEBUG\3DTEXTURE.OBJ
T:\S2\SEMULATION_PROJECT\SOCCERBALL\SOCCERBALL SEMULATION\SOCCERBALL SEMULATION\DEBUG\CAMERA.OBJ
T:\S2\SEMULATION_PROJECT\SOCCERBALL\SOCCERBALL SEMULATION\SOCCERBALL SEMULATION\DEBUG\CUPE.OBJ
T:\S2\SEMULATION_PROJECT\SOCCERBALL\SOCCERBALL SEMULATION\SOCCERBALL SEMULATION\DEBUG\MODEL_3DS.OBJ
T:\S2\SEMULATION_PROJECT\SOCCERBALL\SOCCERBALL SEMULATION\SOCCERBALL SEMULATION\DEBUG\SOUND.OBJ
T:\S2\SEMULATION_PROJECT\SOCCERBALL\SOCCERBALL SEMULATION\SOCCERBALL SEMULATION\DEBUG\SOURCE.OBJ
T:\S2\SEMULATION_PROJECT\SOCCERBALL\SOCCERBALL SEMULATION\SOCCERBALL SEMULATION\DEBUG\TEXTURE.OBJ
T:\S2\SEMULATION_PROJECT\SOCCERBALL\SOCCERBALL SEMULATION\SOCCERBALL SEMULATION\DEBUG\UNIT.OBJ
T:\S2\SEMULATION_PROJECT\SOCCERBALL\SOCCERBALL SEMULATION\SOCCERBALL SEMULATION\DEBUG\VECTOR.OBJ
T:\S2\SEMULATION_PROJECT\SOCCERBALL\SOCCERBALL SEMULATION\SOCCERBALL SEMULATION\DEBUG\VC110.PDB
T:\S2\SEMULATION_PROJECT\SOCCERBALL\SOCCERBALL SEMULATION\DEBUG\SOCCERBALL SEMULATION.ILK
T:\S2\SEMULATION_PROJECT\SOCCERBALL\SOCCERBALL SEMULATION\DEBUG\SOCCERBALL SEMULATION.EXE
T:\S2\SEMULATION_PROJECT\SOCCERBALL\SOCCERBALL SEMULATION\DEBUG\SOCCERBALL SEMULATION.PDB
T:\S2\Semulation_project\SoccerBall\SoccerBall Semulation\SoccerBall Semulation\Debug\3DTexture.obj
T:\S2\Semulation_project\SoccerBall\SoccerBall Semulation\SoccerBall Semulation\Debug\camera.obj
T:\S2\Semulation_project\SoccerBall\SoccerBall Semulation\SoccerBall Semulation\Debug\Cupe.obj
T:\S2\Semulation_project\SoccerBall\SoccerBall Semulation\SoccerBall Semulation\Debug\Model_3DS.obj
T:\S2\Semulation_project\SoccerBall\SoccerBall Semulation\SoccerBall Semulation\Debug\Sound.obj
T:\S2\Semulation_project\SoccerBall\SoccerBall Semulation\SoccerBall Semulation\Debug\Source.obj
T:\S2\Semulation_project\SoccerBall\SoccerBall Semulation\SoccerBall Semulation\Debug\texture.obj
T:\S2\Semulation_project\SoccerBall\SoccerBall Semulation\SoccerBall Semulation\Debug\unit.obj
T:\S2\Semulation_project\SoccerBall\SoccerBall Semulation\SoccerBall Semulation\Debug\Vector.obj
T:\S2\Semulation_project\SoccerBall\SoccerBall Semulation\SoccerBall Semulation\Debug\cl.command.1.tlog
T:\S2\Semulation_project\SoccerBall\SoccerBall Semulation\SoccerBall Semulation\Debug\CL.read.1.tlog
T:\S2\Semulation_project\SoccerBall\SoccerBall Semulation\SoccerBall Semulation\Debug\CL.write.1.tlog
T:\S2\Semulation_project\SoccerBall\SoccerBall Semulation\SoccerBall Semulation\Debug\link-cvtres.read.1.tlog
T:\S2\Semulation_project\SoccerBall\SoccerBall Semulation\SoccerBall Semulation\Debug\link-cvtres.write.1.tlog
T:\S2\Semulation_project\SoccerBall\SoccerBall Semulation\SoccerBall Semulation\Debug\link-rc.read.1.tlog
T:\S2\Semulation_project\SoccerBall\SoccerBall Semulation\SoccerBall Semulation\Debug\link-rc.write.1.tlog
T:\S2\Semulation_project\SoccerBall\SoccerBall Semulation\SoccerBall Semulation\Debug\link.command.1.tlog
T:\S2\Semulation_project\SoccerBall\SoccerBall Semulation\SoccerBall Semulation\Debug\link.read.1.tlog
T:\S2\Semulation_project\SoccerBall\SoccerBall Semulation\SoccerBall Semulation\Debug\link.write.1.tlog
T:\S2\Semulation_project\SoccerBall\SoccerBall Semulation\SoccerBall Semulation\Debug\vc110.idb
T:\S2\Semulation_project\SoccerBall\SoccerBall Semulation\SoccerBall Semulation\Debug\vc110.pdb
T:\S2\Semulation_project\SoccerBall\SoccerBall Semulation\Debug\SoccerBall Semulation.pdb
T:\S2\Semulation_project\SoccerBall\SoccerBall Semulation\Debug\SoccerBall Semulation.exe
T:\S2\Semulation_project\SoccerBall\SoccerBall Semulation\Debug\SoccerBall Semulation.ilk
